make.exe all --print-data-base --no-builtin-variables --no-builtin-rules --question
# GNU Make 3.82.90
# Built for i686-pc-mingw32
# Copyright (C) 1988-2012 Free Software Foundation, Inc.
# License GPLv3+: GNU GPL version 3 or later <http://gnu.org/licenses/gpl.html>
# This is free software: you are free to change and redistribute it.
# There is NO WARRANTY, to the extent permitted by law.
 

# Make data base, printed on Thu Jun 10 21:57:48 2021

# Variables

# automatic
<D = $(patsubst %/,%,$(patsubst %\,%,$(dir $<)))
# automatic
?F = $(notdir $?)
# default
.SHELLFLAGS := -c
# makefile
MAKEFLAGS = Rrqp
# environment
VSCODE_LOG_NATIVE = false
# automatic
?D = $(patsubst %/,%,$(patsubst %\,%,$(dir $?)))
# automatic
@D = $(patsubst %/,%,$(patsubst %\,%,$(dir $@)))
# environment
HOMEDRIVE = C:
# automatic
@F = $(notdir $@)
# automatic
^D = $(patsubst %/,%,$(patsubst %\,%,$(dir $^)))
# makefile
CURDIR := c:/Users/Namita/OneDrive/Documents/Trials/ProjectTrial
# default
SHELL := sh.exe
# makefile (from 'Makefile', line 9)
BIN = main.exe
# environment
WINDIR = C:\Windows
# environment
VSCODE_NLS_CONFIG = {"locale":"en-us","availableLanguages":{},"_languagePackSupport":true}
# environment
PYCHARM COMMUNITY EDITION = C:\Program Files\JetBrains\PyCharm Community Edition 2020.3.3\bin;
# makefile (from 'Makefile', line 6)
CFLAGS = -c
# environment
ONEDRIVE = C:\Users\Namita\OneDrive
# environment
PATHEXT = .COM;.EXE;.BAT;.CMD;.VBS;.VBE;.JS;.JSE;.WSF;.WSH;.MSC
# makefile (from 'Makefile', line 1)
MAKEFILE_LIST :=  Makefile
# environment
FPS_BROWSER_USER_PROFILE_STRING = Default
# environment
VSCODE_NODE_CACHED_DATA_DIR = C:\Users\Namita\AppData\Roaming\Code\CachedData\054a9295330880ed74ceaedda236253b4f39a335
# environment
TMP = C:\Users\Namita\AppData\Local\Temp
# environment
VSCODE_VERBOSE_LOGGING = true
# environment
PROGRAMW6432 = C:\Program Files
# makefile (from 'Makefile', line 7)
OBJS = main.o game.o
# environment
PROGRAMDATA = C:\ProgramData
# environment
VSCODE_IPC_HOOK_EXTHOST = \\.\pipe\vscode-ipc-3f077dc6-1893-4696-a1dc-6e230756b23f-sock
# environment
VSCODE_CWD = C:\Windows\system32
# environment
PATH = C:\Windows\system32;C:\Windows;C:\Windows\System32\Wbem;C:\Windows\System32\WindowsPowerShell\v1.0\;C:\Windows\System32\OpenSSH\;C:\Program Files (x86)\NVIDIA Corporation\PhysX\Common;C:\Users\Namita\PycharmProjects;C:\Program Files\Git\cmd;C:\msys64\mingw64\bin;C:\SFML-2.5.1\bin;C:\MinGW\bin;C:\Users\Namita\AppData\Local\Programs\Python\Python39\Scripts\;C:\Users\Namita\AppData\Local\Programs\Python\Python39\;C:\Users\Namita\AppData\Local\Microsoft\WindowsApps;;C:\Users\Namita\AppData\Local\Programs\Microsoft VS Code\bin;C:\Program Files\JetBrains\PyCharm Community Edition 2020.3.3\bin;
# environment
COMMONPROGRAMW6432 = C:\Program Files\Common Files
# environment
ZES_ENABLE_SYSMAN = 1
# environment
PROCESSOR_ARCHITECTURE = x86
# environment
USERPROFILE = C:\Users\Namita
# environment
ALLUSERSPROFILE = C:\ProgramData
# environment
VSCODE_LOG_STACK = false
# environment
NUMBER_OF_PROCESSORS = 8
# environment
ELECTRON_RUN_AS_NODE = 1
# default
.FEATURES := target-specific order-only second-expansion else-if shortest-stem undefine oneshell archives jobserver
# makefile (from 'Makefile', line 2)
SFML_INC = $(SFMLPATH)\\include
# automatic
%F = $(notdir $%)
# environment
CHROME_CRASHPAD_PIPE_NAME = \\.\pipe\crashpad_18656_EXQBPVRSKBUWPKMH
# environment
VSCODE_PIPE_LOGGING = true
# environment
COMPUTERNAME = DESKTOP-T0FRJIK
# environment
PROGRAMFILES = C:\Program Files (x86)
# environment
DRIVERDATA = C:\Windows\System32\Drivers\DriverData
# environment
ORIGINAL_XDG_CURRENT_DESKTOP = undefined
# environment
USERNAME = Namita
# environment
PUBLIC = C:\Users\Public
# environment
VSCODE_AMD_ENTRYPOINT = vs/workbench/services/extensions/node/extensionHostProcess
# makefile (from 'Makefile', line 1)
SFMLPATH = C:\\SFML-2.5.1
# environment
APPLICATION_INSIGHTS_NO_DIAGNOSTIC_CHANNEL = true
# environment
COMMONPROGRAMFILES = C:\Program Files (x86)\Common Files
# environment
LOGONSERVER = \\DESKTOP-T0FRJIK
# environment
ONEDRIVECONSUMER = C:\Users\Namita\OneDrive
# environment
VSCODE_HANDLES_UNCAUGHT_ERRORS = true
# environment
USERDOMAIN = DESKTOP-T0FRJIK
# makefile (from 'Makefile', line 3)
SFML_LIB = $(SFMLPATH)\\lib 
# environment
MAKELEVEL := 0
# default
MAKE = $(MAKE_COMMAND)
# default
MAKECMDGOALS := all
# makefile (from 'Makefile', line 8)
SRCS = *.cpp
# makefile (from 'Makefile', line 5)
CC = g++
# environment
P_SCHEMA = C:\Program Files\Solid Edge ST9\Schema
# default
MAKE_VERSION := 3.82.90
# makefile
.DEFAULT_GOAL := main.exe
# environment
KEYSHOT_EXTERNAL_LICENSE_FOLDER = C:\Program Files\Solid Edge ST9\Program
# environment
PROGRAMFILES(X86) = C:\Program Files (x86)
# automatic
%D = $(patsubst %/,%,$(patsubst %\,%,$(dir $%)))
# makefile (from 'Makefile', line 4)
LFLAGS = -lsfml-graphics -lsfml-audio -lsfml-window -lsfml-network -lsfml-system
# environment
LOCALAPPDATA = C:\Users\Namita\AppData\Local
# environment
PSMODULEPATH = C:\Program Files\WindowsPowerShell\Modules;C:\Windows\system32\WindowsPowerShell\v1.0\Modules
# default
MAKE_COMMAND := make.exe
# environment
PROCESSOR_ARCHITEW6432 = AMD64
# default
.VARIABLES := 
# automatic
*F = $(notdir $*)
# environment
PROCESSOR_IDENTIFIER = Intel64 Family 6 Model 126 Stepping 5, GenuineIntel
# environment
OS = Windows_NT
# environment
VSCODE_IPC_HOOK = \\.\pipe\ec9891b3a325b29dc7885ff5be083eda-1.56.2-main-sock
# environment
HOMEPATH = \Users\Namita
# environment
COMMONPROGRAMFILES(X86) = C:\Program Files (x86)\Common Files
# environment
PROMPT = $P$G
# environment
MFLAGS = -Rrqp
# automatic
*D = $(patsubst %/,%,$(patsubst %\,%,$(dir $*)))
# environment
SYSTEMROOT = C:\Windows
# automatic
+D = $(patsubst %/,%,$(patsubst %\,%,$(dir $+)))
# automatic
+F = $(notdir $+)
# environment
APPDATA = C:\Users\Namita\AppData\Roaming
# environment
TEMP = C:\Users\Namita\AppData\Local\Temp
# environment
SYSTEMDRIVE = C:
# environment
COMSPEC = C:\Windows\system32\cmd.exe
# default
MAKEFILES := 
# automatic
<F = $(notdir $<)
# environment
KEYSHOT6 = C:\Users\Public\Documents\KeyShot 6
# environment
LC_ALL = C
# automatic
^F = $(notdir $^)
# default
SUFFIXES := 
# environment
PVIEW_KEYSHOT6_HOME = C:\Program Files\KeyShot6\bin\
# environment
SESSIONNAME = Console
# environment
PROCESSOR_REVISION = 7e05
# default
.RECIPEPREFIX := 
# environment
LANG = C
# environment
PROCESSOR_LEVEL = 6
# environment
FPS_BROWSER_APP_PROFILE_STRING = Internet Explorer
# environment
VSCODE_PID = 18656
# environment
USERDOMAIN_ROAMINGPROFILE = DESKTOP-T0FRJIK
# variable set hash-table stats:
# Load=106/1024=10%, Rehash=0, Collisions=15/127=12%

# Pattern-specific Variable Values

# No pattern-specific variable values.

# Directories

# : could not be stat'd.
# C:\Users\Namita\AppData\Local\Programs\Microsoft VS Code\bin (key C:/Users/Namita/AppData/Local/Programs/Microsoft VS Code/bin, mtime 1621516256): 4 files, no impossibilities.
# C:\Windows\System32\WindowsPowerShell\v1.0\ (key C:/Windows/System32/WindowsPowerShell/v1.0/, mtime 1615646933): 30 files, no impossibilities.
# . (key c:/Users/Namita/OneDrive/Documents/Trials/ProjectTrial, mtime 1623341107): 14 files, no impossibilities.
# C:\SFML-2.5.1\bin (key C:/SFML-2.5.1/bin, mtime 1539640020): 13 files, no impossibilities.
# C:\Program Files\Git\cmd (key C:/Program Files/Git/cmd, mtime 1622390465): 8 files, no impossibilities.
# C:\Windows\System32\OpenSSH\: could not be stat'd.
# C:\MinGW\bin (key C:/MinGW/bin, mtime 1622812938): 8 files, no impossibilities.
# C:\Program Files (x86)\NVIDIA Corporation\PhysX\Common (key C:/Program Files (x86)/NVIDIA Corporation/PhysX/Common, mtime 1615625079): 10 files, no impossibilities.
# C:\Windows (key C:/Windows, mtime 1622478381): 106 files, no impossibilities.
# C:\Users\Namita\AppData\Local\Programs\Python\Python39\ (key C:/Users/Namita/AppData/Local/Programs/Python/Python39/, mtime 1615798922): 18 files, no impossibilities.
# C:\Users\Namita\PycharmProjects (key C:/Users/Namita/PycharmProjects, mtime 1615800596): 5 files, no impossibilities.
# C:\Users\Namita\AppData\Local\Programs\Python\Python39\Scripts\ (key C:/Users/Namita/AppData/Local/Programs/Python/Python39/Scripts/, mtime 1615743434): 8 files, no impossibilities.
# C:\Program Files\JetBrains\PyCharm Community Edition 2020.3.3\bin (key C:/Program Files/JetBrains/PyCharm Community Edition 2020.3.3/bin, mtime 1615799378): 28 files, no impossibilities.
# C:\Windows\System32\Wbem (key C:/Windows/System32/Wbem, mtime 1621082241): 154 files, no impossibilities.
# C:\msys64\mingw64\bin (key C:/msys64/mingw64/bin, mtime 1622791319): 174 files, no impossibilities.
# C:\Windows\system32 (key C:/Windows/system32, mtime 1623249104): 2836 files, no impossibilities.
# C:\Users\Namita\AppData\Local\Microsoft\WindowsApps (key C:/Users/Namita/AppData/Local/Microsoft/WindowsApps, mtime 1621083994): 12 files, no impossibilities.

# 3428 files, no impossibilities in 18 directories.

# Implicit Rules

# No implicit rules.

# Files

# Not a target:
all:
#  Command line target.
#  Implicit rule search has been done.
#  File does not exist.
#  File has not been updated.

main.exe: main.o game.o
#  Implicit rule search has not been done.
#  Modification time never checked.
#  File has not been updated.
#  recipe to execute (from 'Makefile', line 11):
	 \
$(CC) -o $(BIN) -L $(SFML_LIB) $(OBJS) $(LFLAGS)

# Not a target:
.SUFFIXES:
#  Implicit rule search has not been done.
#  Modification time never checked.
#  File has not been updated.

# Not a target:
Makefile:
#  Implicit rule search has been done.
#  Last modified 2021-06-10 21:04:09
#  File has been updated.
#  Successfully updated.

# Not a target:
game.cpp:
#  Implicit rule search has not been done.
#  Modification time never checked.
#  File has not been updated.

# Not a target:
main.cpp:
#  Implicit rule search has not been done.
#  Modification time never checked.
#  File has not been updated.

# Not a target:
.DEFAULT:
#  Implicit rule search has not been done.
#  Modification time never checked.
#  File has not been updated.

clean:
#  Implicit rule search has not been done.
#  Modification time never checked.
#  File has not been updated.
#  recipe to execute (from 'Makefile', line 17):
	 \
rm $(OBJS) $(BIN)

game.o: game.cpp
#  Implicit rule search has not been done.
#  Implicit/static pattern stem: 'game'
#  Modification time never checked.
#  File has not been updated.
#  recipe to execute (from 'Makefile', line 14):
	 \
$(CC) $(CFLAGS) $< -I $(SFML_INC)

main.o: main.cpp
#  Implicit rule search has not been done.
#  Implicit/static pattern stem: 'main'
#  Modification time never checked.
#  File has not been updated.
#  recipe to execute (from 'Makefile', line 14):
	 \
$(CC) $(CFLAGS) $< -I $(SFML_INC)

# files hash-table stats:
# Load=10/1024=1%, Rehash=0, Collisions=0/26=0%
# VPATH Search Paths

# No 'vpath' search paths.

# No general ('VPATH' variable) search path.

# strcache buffers: 7 (5) / strings = 3400 / storage = 50684 B / avg = 14 B
# current buf: size = 8174 B / used = 1690 B / count = 104 / avg = 16 B
# other used: total = 42510 B / count = 3296 / avg = 12 B
# other free: total = 50 B / max = 22 B / min = 1 B / avg = 8 B

# strcache performance: lookups = 3467 / hit rate = 1%
# hash-table stats:
# Load=3400/8192=42%, Rehash=0, Collisions=1104/3467=32%
# Finished Make data base on Thu Jun 10 21:57:48 2021

 
make.exe: *** No rule to make target 'all'.  Stop.
 
