make.exe --dry-run --always-make --keep-going --print-directory
make.exe: Entering directory 'c:/Users/Namita/Downloads/helpaboutplay/playwindow'
\
g++ -c main.cpp -I C:\\SFML-2.5.1\\include
\
g++ -c playWindow.cpp -I C:\\SFML-2.5.1\\include
\
g++ -c tile.cpp -I C:\\SFML-2.5.1\\include
\
g++ -c pitch.cpp -I C:\\SFML-2.5.1\\include
\
g++ -c stump.cpp -I C:\\SFML-2.5.1\\include
 
\
g++ -c bail.cpp -I C:\\SFML-2.5.1\\include
\
g++ -c crease.cpp -I C:\\SFML-2.5.1\\include
\
g++ -c bat.cpp -I C:\\SFML-2.5.1\\include
\
g++ -c batsman.cpp -I C:\\SFML-2.5.1\\include
\
g++ -o main.exe -L C:\\SFML-2.5.1\\lib  main.o playWindow.o tile.o pitch.o stump.o bail.o crease.o bat.o batsman.o -lsfml-graphics -lsfml-audio -lsfml-window -lsfml-network -lsfml-system
make.exe: Leaving directory 'c:/Users/Namita/Downloads/helpaboutplay/playwindow'
 
